  stdafx.cpp
C:\Users\lhb02\Downloads\윈플\stdafx.h(11,1): warning C4005: '_UNICODE': 매크로 재정의
C:\Users\lhb02\Downloads\윈플\stdafx.h(11,1): message : 이전에 명령줄에서 선언된 '_UNICODE'
  Block.cpp
  Boss.cpp
C:\Users\lhb02\Downloads\윈플\Boss.cpp(23,17): warning C4244: '=': 'float'에서 'LONG'(으)로 변환하면서 데이터가 손실될 수 있습니다.
C:\Users\lhb02\Downloads\윈플\Boss.cpp(24,17): warning C4244: '=': 'float'에서 'LONG'(으)로 변환하면서 데이터가 손실될 수 있습니다.
C:\Users\lhb02\Downloads\윈플\Boss.cpp(26,17): warning C4244: '=': 'float'에서 'LONG'(으)로 변환하면서 데이터가 손실될 수 있습니다.
C:\Users\lhb02\Downloads\윈플\Boss.cpp(27,17): warning C4244: '=': 'float'에서 'LONG'(으)로 변환하면서 데이터가 손실될 수 있습니다.
C:\Users\lhb02\Downloads\윈플\Boss.cpp(76,25): warning C4838: 'float'에서 'LONG'(으)로의 변환에는 축소 변환이 필요합니다.
C:\Users\lhb02\Downloads\윈플\Boss.cpp(76,25): warning C4244: '초기화 중': 'float'에서 'LONG'(으)로 변환하면서 데이터가 손실될 수 있습니다.
C:\Users\lhb02\Downloads\윈플\Boss.cpp(76,78): warning C4838: 'float'에서 'LONG'(으)로의 변환에는 축소 변환이 필요합니다.
C:\Users\lhb02\Downloads\윈플\Boss.cpp(76,78): warning C4244: '초기화 중': 'float'에서 'LONG'(으)로 변환하면서 데이터가 손실될 수 있습니다.
C:\Users\lhb02\Downloads\윈플\Boss.cpp(77,25): warning C4838: 'float'에서 'LONG'(으)로의 변환에는 축소 변환이 필요합니다.
C:\Users\lhb02\Downloads\윈플\Boss.cpp(77,25): warning C4244: '초기화 중': 'float'에서 'LONG'(으)로 변환하면서 데이터가 손실될 수 있습니다.
C:\Users\lhb02\Downloads\윈플\Boss.cpp(77,77): warning C4838: 'float'에서 'LONG'(으)로의 변환에는 축소 변환이 필요합니다.
C:\Users\lhb02\Downloads\윈플\Boss.cpp(77,77): warning C4244: '초기화 중': 'float'에서 'LONG'(으)로 변환하면서 데이터가 손실될 수 있습니다.
C:\Users\lhb02\Downloads\윈플\Boss.cpp(101,29): warning C4244: '=': 'double'에서 'LONG'(으)로 변환하면서 데이터가 손실될 수 있습니다.
C:\Users\lhb02\Downloads\윈플\Boss.cpp(123,16): warning C4244: '=': 'double'에서 'FLOAT'(으)로 변환하면서 데이터가 손실될 수 있습니다.
C:\Users\lhb02\Downloads\윈플\Boss.cpp(124,12): warning C4244: '초기화 중': 'FLOAT'에서 'LONG'(으)로 변환하면서 데이터가 손실될 수 있습니다.
C:\Users\lhb02\Downloads\윈플\Boss.cpp(126,21): warning C4244: '인수': 'LONG'에서 'FLOAT'(으)로 변환하면서 데이터가 손실될 수 있습니다.
C:\Users\lhb02\Downloads\윈플\Boss.cpp(137,16): warning C4244: '=': 'double'에서 'FLOAT'(으)로 변환하면서 데이터가 손실될 수 있습니다.
C:\Users\lhb02\Downloads\윈플\Boss.cpp(139,15): warning C4244: '인수': 'LONG'에서 'FLOAT'(으)로 변환하면서 데이터가 손실될 수 있습니다.
  Bullet.cpp
  BulletManager.cpp
  EffectManager.cpp
C:\Users\lhb02\Downloads\윈플\EffectManager.cpp(255,21): warning C4244: '+=': 'float'에서 'LONG'(으)로 변환하면서 데이터가 손실될 수 있습니다.
C:\Users\lhb02\Downloads\윈플\EffectManager.cpp(319,15): warning C4244: '=': 'float'에서 'LONG'(으)로 변환하면서 데이터가 손실될 수 있습니다.
C:\Users\lhb02\Downloads\윈플\EffectManager.cpp(320,15): warning C4244: '=': 'float'에서 'LONG'(으)로 변환하면서 데이터가 손실될 수 있습니다.
C:\Users\lhb02\Downloads\윈플\EffectManager.cpp(359,30): warning C4244: '=': 'float'에서 'LONG'(으)로 변환하면서 데이터가 손실될 수 있습니다.
C:\Users\lhb02\Downloads\윈플\EffectManager.cpp(360,30): warning C4244: '=': 'float'에서 'LONG'(으)로 변환하면서 데이터가 손실될 수 있습니다.
  Enemy.cpp
  EnemyManager.cpp
  Monster.cpp
C:\Users\lhb02\Downloads\윈플\Monster.cpp(193,9): warning C4244: '=': 'float'에서 'LONG'(으)로 변환하면서 데이터가 손실될 수 있습니다.
  LKM_Physics.cpp
C:\Users\lhb02\Downloads\윈플\LKM_Physics.cpp(32,64): warning C4244: '인수': 'float'에서 'int'(으)로 변환하면서 데이터가 손실될 수 있습니다.
C:\Users\lhb02\Downloads\윈플\LKM_Physics.cpp(33,46): warning C4244: '인수': 'float'에서 'int'(으)로 변환하면서 데이터가 손실될 수 있습니다.
C:\Users\lhb02\Downloads\윈플\LKM_Physics.cpp(104,16): warning C4244: '-=': 'FLOAT'에서 'LONG'(으)로 변환하면서 데이터가 손실될 수 있습니다.
C:\Users\lhb02\Downloads\윈플\LKM_Physics.cpp(105,17): warning C4244: '+=': 'FLOAT'에서 'LONG'(으)로 변환하면서 데이터가 손실될 수 있습니다.
C:\Users\lhb02\Downloads\윈플\LKM_Physics.cpp(106,15): warning C4244: '-=': 'FLOAT'에서 'LONG'(으)로 변환하면서 데이터가 손실될 수 있습니다.
C:\Users\lhb02\Downloads\윈플\LKM_Physics.cpp(107,18): warning C4244: '+=': 'FLOAT'에서 'LONG'(으)로 변환하면서 데이터가 손실될 수 있습니다.
C:\Users\lhb02\Downloads\윈플\LKM_Physics.cpp(131,28): warning C4244: '=': 'FLOAT'에서 'int'(으)로 변환하면서 데이터가 손실될 수 있습니다.
C:\Users\lhb02\Downloads\윈플\LKM_Physics.cpp(132,28): warning C4244: '=': 'FLOAT'에서 'int'(으)로 변환하면서 데이터가 손실될 수 있습니다.
C:\Users\lhb02\Downloads\윈플\LKM_Physics.cpp(133,28): warning C4244: '=': 'FLOAT'에서 'int'(으)로 변환하면서 데이터가 손실될 수 있습니다.
C:\Users\lhb02\Downloads\윈플\LKM_Physics.cpp(140,16): warning C4244: '=': 'float'에서 'int'(으)로 변환하면서 데이터가 손실될 수 있습니다.
C:\Users\lhb02\Downloads\윈플\LKM_Physics.cpp(147,10): warning C4244: 'return': 'double'에서 'FLOAT'(으)로 변환하면서 데이터가 손실될 수 있습니다.
C:\Users\lhb02\Downloads\윈플\LKM_Physics.cpp(151,21): warning C4838: 'FLOAT'에서 'LONG'(으)로의 변환에는 축소 변환이 필요합니다.
C:\Users\lhb02\Downloads\윈플\LKM_Physics.cpp(151,21): warning C4244: '초기화 중': 'FLOAT'에서 'LONG'(으)로 변환하면서 데이터가 손실될 수 있습니다.
C:\Users\lhb02\Downloads\윈플\LKM_Physics.cpp(151,32): warning C4838: 'FLOAT'에서 'LONG'(으)로의 변환에는 축소 변환이 필요합니다.
C:\Users\lhb02\Downloads\윈플\LKM_Physics.cpp(151,32): warning C4244: '초기화 중': 'FLOAT'에서 'LONG'(으)로 변환하면서 데이터가 손실될 수 있습니다.
C:\Users\lhb02\Downloads\윈플\LKM_Physics.cpp(153,9): warning C4244: 'return': 'double'에서 'FLOAT'(으)로 변환하면서 데이터가 손실될 수 있습니다.
  MapManager.cpp
  Object.cpp
C:\Users\lhb02\Downloads\윈플\Object.cpp(25,22): warning C4244: '+=': 'FLOAT'에서 'LONG'(으)로 변환하면서 데이터가 손실될 수 있습니다.
C:\Users\lhb02\Downloads\윈플\Object.cpp(26,22): warning C4244: '+=': 'FLOAT'에서 'LONG'(으)로 변환하면서 데이터가 손실될 수 있습니다.
C:\Users\lhb02\Downloads\윈플\Object.cpp(41,11): warning C4244: '=': 'LONG'에서 'float'(으)로 변환하면서 데이터가 손실될 수 있습니다.
C:\Users\lhb02\Downloads\윈플\Object.cpp(50,11): warning C4244: '=': 'LONG'에서 'float'(으)로 변환하면서 데이터가 손실될 수 있습니다.
C:\Users\lhb02\Downloads\윈플\Object.cpp(140,9): warning C4244: 'return': 'FLOAT'에서 'const int'(으)로 변환하면서 데이터가 손실될 수 있습니다.
  Player.cpp
C:\Users\lhb02\Downloads\윈플\Player.cpp(413,15): warning C4244: '*=': 'float'에서 'LONG'(으)로 변환하면서 데이터가 손실될 수 있습니다.
C:\Users\lhb02\Downloads\윈플\Player.cpp(423,15): warning C4244: '/=': 'float'에서 'LONG'(으)로 변환하면서 데이터가 손실될 수 있습니다.
C:\Users\lhb02\Downloads\윈플\Player.cpp(559,19): warning C4244: '+=': 'FLOAT'에서 'LONG'(으)로 변환하면서 데이터가 손실될 수 있습니다.
C:\Users\lhb02\Downloads\윈플\Player.cpp(560,19): warning C4244: '+=': 'FLOAT'에서 'LONG'(으)로 변환하면서 데이터가 손실될 수 있습니다.
  Queue.cpp
  Shape.cpp
C:\Users\lhb02\Downloads\윈플\Shape.cpp(36,15): warning C4244: '초기화 중': 'LONG'에서 'FLOAT'(으)로 변환하면서 데이터가 손실될 수 있습니다.
  TeamProject_2KnMn_1.cpp
C:\Users\lhb02\Downloads\윈플\TeamProject_2KnMn_1.h(13,1): warning C4067: 전처리기 지시문 다음에 예기치 않은 토큰이 있습니다. 줄 바꿈 문자가 필요합니다.
  Tower.cpp
  WaveManager.cpp
  코드를 생성하고 있습니다.
  Previous IPDB not found, fall back to full compilation.
  All 338 functions were compiled because no usable IPDB/IOBJ from previous compilation was found.
  코드를 생성했습니다.
  TeamProject_2KnMn_1.vcxproj -> C:\Users\lhb02\Downloads\윈플\Release\TeamProject_2KnMn_1.exe
